Build started 12/5/2012 7:41:43 PM.
     1>Project "C:\Users\evelina\Downloads\EvelinaDumitrescu331CA_Tema3EGC\lab6.vcxproj" on node 2 (build target(s)).
     1>InitializeBuildStatus:
         Creating ".\Debug\lab6.unsuccessfulbuild" because "AlwaysCreate" was specified.
       ClCompile:
         C:\Program Files\Microsoft Visual Studio 10.0\VC\bin\CL.exe /c /Iglut /ZI /nologo /W3 /WX- /Od /Oy- /D WIN32 /D _DEBUG /D _CONSOLE /D _CRT_SECURE_NO_DEPRECATE /D _VC80_UPGRADE=0x0600 /D _MBCS /Gm /EHsc /RTC1 /MTd /GS /fp:precise /Zc:wchar_t /Zc:forScope /Fo".\Debug/" /Fd".\Debug/vc100.pdb" /FR".\Debug\\" /Gd /TP /analyze- /errorReport:prompt camera.cpp lab6.cpp
         lab6.cpp
     1>c:\users\evelina\downloads\evelinadumitrescu331ca_tema3egc\lab6.cpp(93): warning C4018: '<' : signed/unsigned mismatch
     1>c:\users\evelina\downloads\evelinadumitrescu331ca_tema3egc\lab6.cpp(96): warning C4018: '<' : signed/unsigned mismatch
     1>c:\users\evelina\downloads\evelinadumitrescu331ca_tema3egc\lab6.cpp(543): warning C4101: 'rot' : unreferenced local variable
         camera.cpp
         Generating Code...
       ManifestResourceCompile:
         All outputs are up-to-date.
       Link:
         C:\Program Files\Microsoft Visual Studio 10.0\VC\bin\link.exe /ERRORREPORT:PROMPT /OUT:".\Debug/lab6.exe" /INCREMENTAL /NOLOGO /LIBPATH:glut kernel32.lib user32.lib gdi32.lib winspool.lib comdlg32.lib advapi32.lib shell32.lib ole32.lib oleaut32.lib uuid.lib odbc32.lib odbccp32.lib /MANIFEST /ManifestFile:".\Debug\lab6.exe.intermediate.manifest" /MANIFESTUAC:"level='asInvoker' uiAccess='false'" /DEBUG /PDB:".\Debug/lab6.pdb" /SUBSYSTEM:CONSOLE /TLBID:1 /DYNAMICBASE:NO /IMPLIB:".\Debug\lab6.lib" /MACHINE:X86 .\Debug\lab6.exe.embed.manifest.res
         .\Debug/camera.obj
         .\Debug/lab6.obj
       Manifest:
         C:\Program Files\Microsoft SDKs\Windows\v7.0A\bin\mt.exe /nologo /verbose /out:".\Debug\lab6.exe.embed.manifest" /manifest .\Debug\lab6.exe.intermediate.manifest
         All outputs are up-to-date.
       LinkEmbedManifest:
         All outputs are up-to-date.
         lab6.vcxproj -> C:\Users\evelina\Downloads\EvelinaDumitrescu331CA_Tema3EGC\.\Debug\lab6.exe
       BscMake:
         C:\Program Files\Microsoft Visual Studio 10.0\VC\bin\bscmake.exe /nologo /o".\Debug/lab6.bsc" .\Debug\camera.sbr .\Debug\lab6.sbr
       FinalizeBuildStatus:
         Deleting file ".\Debug\lab6.unsuccessfulbuild".
         Touching ".\Debug\lab6.lastbuildstate".
     1>Done Building Project "C:\Users\evelina\Downloads\EvelinaDumitrescu331CA_Tema3EGC\lab6.vcxproj" (build target(s)).

Build succeeded.

Time Elapsed 00:00:06.09
