.\Debug\lab6.bsc
.\Debug\lab6.ilk
.\Debug\lab6.pdb
J:\AN3\EGC\laboratoare\evelina\Lab5(2)\Lab5\.\Debug\lab6.exe
J:\AN3\EGC\laboratoare\evelina\Lab5(2)\Lab5\.\Debug\lab6.exe.intermediate.manifest
J:\AN3\EGC\laboratoare\evelina\Lab5(2)\Lab5\Debug\BscMake.command.1.tlog
J:\AN3\EGC\laboratoare\evelina\Lab5(2)\Lab5\Debug\bscmake.read.1.tlog
J:\AN3\EGC\laboratoare\evelina\Lab5(2)\Lab5\Debug\bscmake.write.1.tlog
J:\AN3\EGC\LABORATOARE\EVELINA\LAB5(2)\LAB5\DEBUG\CAMERA.OBJ
J:\AN3\EGC\LABORATOARE\EVELINA\LAB5(2)\LAB5\DEBUG\CAMERA.SBR
J:\AN3\EGC\laboratoare\evelina\Lab5(2)\Lab5\Debug\cl.command.1.tlog
J:\AN3\EGC\laboratoare\evelina\Lab5(2)\Lab5\Debug\CL.read.1.tlog
J:\AN3\EGC\laboratoare\evelina\Lab5(2)\Lab5\Debug\CL.write.1.tlog
J:\AN3\EGC\LABORATOARE\EVELINA\LAB5(2)\LAB5\DEBUG\LAB6.BSC
J:\AN3\EGC\LABORATOARE\EVELINA\LAB5(2)\LAB5\DEBUG\LAB6.EXE
J:\AN3\EGC\LABORATOARE\EVELINA\LAB5(2)\LAB5\DEBUG\LAB6.EXE.EMBED.MANIFEST
J:\AN3\EGC\LABORATOARE\EVELINA\LAB5(2)\LAB5\DEBUG\LAB6.EXE.EMBED.MANIFEST.RES
J:\AN3\EGC\LABORATOARE\EVELINA\LAB5(2)\LAB5\DEBUG\LAB6.EXE.INTERMEDIATE.MANIFEST
J:\AN3\EGC\LABORATOARE\EVELINA\LAB5(2)\LAB5\DEBUG\LAB6.ILK
J:\AN3\EGC\LABORATOARE\EVELINA\LAB5(2)\LAB5\DEBUG\LAB6.OBJ
J:\AN3\EGC\LABORATOARE\EVELINA\LAB5(2)\LAB5\DEBUG\LAB6.PDB
J:\AN3\EGC\LABORATOARE\EVELINA\LAB5(2)\LAB5\DEBUG\LAB6.SBR
J:\AN3\EGC\laboratoare\evelina\Lab5(2)\Lab5\Debug\lab6.vcxprojResolveAssemblyReference.cache
J:\AN3\EGC\laboratoare\evelina\Lab5(2)\Lab5\Debug\lab6.write.1.tlog
J:\AN3\EGC\laboratoare\evelina\Lab5(2)\Lab5\Debug\lab6_manifest.rc
J:\AN3\EGC\laboratoare\evelina\Lab5(2)\Lab5\Debug\link.1964.read.1.tlog
J:\AN3\EGC\laboratoare\evelina\Lab5(2)\Lab5\Debug\link.1964.write.1.tlog
J:\AN3\EGC\laboratoare\evelina\Lab5(2)\Lab5\Debug\link.1964-cvtres.read.1.tlog
J:\AN3\EGC\laboratoare\evelina\Lab5(2)\Lab5\Debug\link.1964-cvtres.write.1.tlog
J:\AN3\EGC\laboratoare\evelina\Lab5(2)\Lab5\Debug\link.3548.read.1.tlog
J:\AN3\EGC\laboratoare\evelina\Lab5(2)\Lab5\Debug\link.3548.write.1.tlog
J:\AN3\EGC\laboratoare\evelina\Lab5(2)\Lab5\Debug\link.3548-cvtres.read.1.tlog
J:\AN3\EGC\laboratoare\evelina\Lab5(2)\Lab5\Debug\link.3548-cvtres.write.1.tlog
J:\AN3\EGC\laboratoare\evelina\Lab5(2)\Lab5\Debug\link.4488.read.1.tlog
J:\AN3\EGC\laboratoare\evelina\Lab5(2)\Lab5\Debug\link.4488.write.1.tlog
J:\AN3\EGC\laboratoare\evelina\Lab5(2)\Lab5\Debug\link.4488-cvtres.read.1.tlog
J:\AN3\EGC\laboratoare\evelina\Lab5(2)\Lab5\Debug\link.4488-cvtres.write.1.tlog
J:\AN3\EGC\laboratoare\evelina\Lab5(2)\Lab5\Debug\link.6156.read.1.tlog
J:\AN3\EGC\laboratoare\evelina\Lab5(2)\Lab5\Debug\link.6156.write.1.tlog
J:\AN3\EGC\laboratoare\evelina\Lab5(2)\Lab5\Debug\link.6156-cvtres.read.1.tlog
J:\AN3\EGC\laboratoare\evelina\Lab5(2)\Lab5\Debug\link.6156-cvtres.write.1.tlog
J:\AN3\EGC\laboratoare\evelina\Lab5(2)\Lab5\Debug\link.6440.read.1.tlog
J:\AN3\EGC\laboratoare\evelina\Lab5(2)\Lab5\Debug\link.6440.write.1.tlog
J:\AN3\EGC\laboratoare\evelina\Lab5(2)\Lab5\Debug\link.6440-cvtres.read.1.tlog
J:\AN3\EGC\laboratoare\evelina\Lab5(2)\Lab5\Debug\link.6440-cvtres.write.1.tlog
J:\AN3\EGC\laboratoare\evelina\Lab5(2)\Lab5\Debug\link.7124.read.1.tlog
J:\AN3\EGC\laboratoare\evelina\Lab5(2)\Lab5\Debug\link.7124.write.1.tlog
J:\AN3\EGC\laboratoare\evelina\Lab5(2)\Lab5\Debug\link.7124-cvtres.read.1.tlog
J:\AN3\EGC\laboratoare\evelina\Lab5(2)\Lab5\Debug\link.7124-cvtres.write.1.tlog
J:\AN3\EGC\laboratoare\evelina\Lab5(2)\Lab5\Debug\link.7380.read.1.tlog
J:\AN3\EGC\laboratoare\evelina\Lab5(2)\Lab5\Debug\link.7380.write.1.tlog
J:\AN3\EGC\laboratoare\evelina\Lab5(2)\Lab5\Debug\link.7380-cvtres.read.1.tlog
J:\AN3\EGC\laboratoare\evelina\Lab5(2)\Lab5\Debug\link.7380-cvtres.write.1.tlog
J:\AN3\EGC\laboratoare\evelina\Lab5(2)\Lab5\Debug\link.7512.read.1.tlog
J:\AN3\EGC\laboratoare\evelina\Lab5(2)\Lab5\Debug\link.7512.write.1.tlog
J:\AN3\EGC\laboratoare\evelina\Lab5(2)\Lab5\Debug\link.7512-cvtres.read.1.tlog
J:\AN3\EGC\laboratoare\evelina\Lab5(2)\Lab5\Debug\link.7512-cvtres.write.1.tlog
J:\AN3\EGC\laboratoare\evelina\Lab5(2)\Lab5\Debug\link.7700.read.1.tlog
J:\AN3\EGC\laboratoare\evelina\Lab5(2)\Lab5\Debug\link.7700.write.1.tlog
J:\AN3\EGC\laboratoare\evelina\Lab5(2)\Lab5\Debug\link.7700-cvtres.read.1.tlog
J:\AN3\EGC\laboratoare\evelina\Lab5(2)\Lab5\Debug\link.7700-cvtres.write.1.tlog
J:\AN3\EGC\laboratoare\evelina\Lab5(2)\Lab5\Debug\link.772.read.1.tlog
J:\AN3\EGC\laboratoare\evelina\Lab5(2)\Lab5\Debug\link.772.write.1.tlog
J:\AN3\EGC\laboratoare\evelina\Lab5(2)\Lab5\Debug\link.772-cvtres.read.1.tlog
J:\AN3\EGC\laboratoare\evelina\Lab5(2)\Lab5\Debug\link.772-cvtres.write.1.tlog
J:\AN3\EGC\laboratoare\evelina\Lab5(2)\Lab5\Debug\link.command.1.tlog
J:\AN3\EGC\laboratoare\evelina\Lab5(2)\Lab5\Debug\link.read.1.tlog
J:\AN3\EGC\laboratoare\evelina\Lab5(2)\Lab5\Debug\link.write.1.tlog
J:\AN3\EGC\laboratoare\evelina\Lab5(2)\Lab5\Debug\link-cvtres.read.1.tlog
J:\AN3\EGC\laboratoare\evelina\Lab5(2)\Lab5\Debug\link-cvtres.write.1.tlog
J:\AN3\EGC\laboratoare\evelina\Lab5(2)\Lab5\Debug\mt.command.1.tlog
J:\AN3\EGC\laboratoare\evelina\Lab5(2)\Lab5\Debug\mt.read.1.tlog
J:\AN3\EGC\laboratoare\evelina\Lab5(2)\Lab5\Debug\mt.write.1.tlog
J:\AN3\EGC\laboratoare\evelina\Lab5(2)\Lab5\Debug\rc.command.1.tlog
J:\AN3\EGC\laboratoare\evelina\Lab5(2)\Lab5\Debug\rc.read.1.tlog
J:\AN3\EGC\laboratoare\evelina\Lab5(2)\Lab5\Debug\rc.write.1.tlog
J:\AN3\EGC\laboratoare\evelina\Lab5(2)\Lab5\Debug\vc100.idb
J:\AN3\EGC\LABORATOARE\EVELINA\LAB5(2)\LAB5\DEBUG\VC100.PDB
