Debug\lab.ilk
Debug\lab.pdb
J:\AN3\EGC\laboratoare\evelina\lab22\lab2\lab2\Debug\cl.command.1.tlog
J:\AN3\EGC\laboratoare\evelina\lab22\lab2\lab2\Debug\CL.read.1.tlog
J:\AN3\EGC\laboratoare\evelina\lab22\lab2\lab2\Debug\CL.write.1.tlog
J:\AN3\EGC\LABORATOARE\EVELINA\LAB22\LAB2\LAB2\DEBUG\LAB.EXE
J:\AN3\EGC\LABORATOARE\EVELINA\LAB22\LAB2\LAB2\DEBUG\LAB.EXE.INTERMEDIATE.MANIFEST
J:\AN3\EGC\LABORATOARE\EVELINA\LAB22\LAB2\LAB2\DEBUG\LAB.ILK
J:\AN3\EGC\LABORATOARE\EVELINA\LAB22\LAB2\LAB2\DEBUG\LAB.PDB
J:\AN3\EGC\laboratoare\evelina\lab22\lab2\lab2\Debug\lab.vcxprojResolveAssemblyReference.cache
J:\AN3\EGC\laboratoare\evelina\lab22\lab2\lab2\Debug\lab.write.1.tlog
J:\AN3\EGC\laboratoare\evelina\lab22\lab2\lab2\Debug\link.command.1.tlog
J:\AN3\EGC\laboratoare\evelina\lab22\lab2\lab2\Debug\link.read.1.tlog
J:\AN3\EGC\laboratoare\evelina\lab22\lab2\lab2\Debug\link.write.1.tlog
J:\AN3\EGC\LABORATOARE\EVELINA\LAB22\LAB2\LAB2\DEBUG\MAIN.OBJ
J:\AN3\EGC\laboratoare\evelina\lab22\lab2\lab2\Debug\mt.command.1.tlog
J:\AN3\EGC\laboratoare\evelina\lab22\lab2\lab2\Debug\mt.read.1.tlog
J:\AN3\EGC\laboratoare\evelina\lab22\lab2\lab2\Debug\mt.write.1.tlog
J:\AN3\EGC\LABORATOARE\EVELINA\LAB22\LAB2\LAB2\DEBUG\SUPPORT2D.OBJ
J:\AN3\EGC\LABORATOARE\EVELINA\LAB22\LAB2\LAB2\DEBUG\SUPPORT3D.OBJ
J:\AN3\EGC\LABORATOARE\EVELINA\LAB22\LAB2\LAB2\DEBUG\TRANSFORM2D.OBJ
J:\AN3\EGC\LABORATOARE\EVELINA\LAB22\LAB2\LAB2\DEBUG\TRANSFORM3D.OBJ
J:\AN3\EGC\laboratoare\evelina\lab22\lab2\lab2\Debug\vc100.idb
J:\AN3\EGC\LABORATOARE\EVELINA\LAB22\LAB2\LAB2\DEBUG\VC100.PDB
J:\AN3\EGC\LABORATOARE\EVELINA\LAB22\LAB2\LAB2\DEBUG\WORLDDRAWER3D_GL.OBJ
