C:\USERS\EVELINA\DESKTOP\LAB8_SOLVED\DEBUG\CAMERA.OBJ
C:\Users\evelina\Desktop\lab8_solved\Debug\cl.command.1.tlog
C:\Users\evelina\Desktop\lab8_solved\Debug\CL.read.1.tlog
C:\Users\evelina\Desktop\lab8_solved\Debug\CL.write.1.tlog
C:\USERS\EVELINA\DESKTOP\LAB8_SOLVED\DEBUG\LAB7.EXE
C:\USERS\EVELINA\DESKTOP\LAB8_SOLVED\DEBUG\LAB7.EXE.INTERMEDIATE.MANIFEST
C:\USERS\EVELINA\DESKTOP\LAB8_SOLVED\DEBUG\LAB7.ILK
C:\USERS\EVELINA\DESKTOP\LAB8_SOLVED\DEBUG\LAB7.OBJ
C:\USERS\EVELINA\DESKTOP\LAB8_SOLVED\DEBUG\LAB7.PDB
C:\Users\evelina\Desktop\lab8_solved\Debug\lab7.vcxprojResolveAssemblyReference.cache
C:\Users\evelina\Desktop\lab8_solved\Debug\lab7.write.1.tlog
C:\USERS\EVELINA\DESKTOP\LAB8_SOLVED\DEBUG\LIGHT.OBJ
C:\Users\evelina\Desktop\lab8_solved\Debug\link.command.1.tlog
C:\Users\evelina\Desktop\lab8_solved\Debug\link.read.1.tlog
C:\Users\evelina\Desktop\lab8_solved\Debug\link.write.1.tlog
C:\Users\evelina\Desktop\lab8_solved\Debug\mt.command.1.tlog
C:\Users\evelina\Desktop\lab8_solved\Debug\mt.read.1.tlog
C:\Users\evelina\Desktop\lab8_solved\Debug\mt.write.1.tlog
C:\USERS\EVELINA\DESKTOP\LAB8_SOLVED\DEBUG\OBJECT3D.OBJ
C:\USERS\EVELINA\DESKTOP\LAB8_SOLVED\DEBUG\SATELLITE.OBJ
C:\USERS\EVELINA\DESKTOP\LAB8_SOLVED\DEBUG\SPACESHIP.OBJ
C:\USERS\EVELINA\DESKTOP\LAB8_SOLVED\DEBUG\TRANSFORM3D.OBJ
C:\Users\evelina\Desktop\lab8_solved\Debug\vc100.idb
C:\USERS\EVELINA\DESKTOP\LAB8_SOLVED\DEBUG\VC100.PDB
