C:\Users\evelina\Desktop\lab1(3)\lab1\Debug\cl.command.1.tlog
C:\Users\evelina\Desktop\lab1(3)\lab1\Debug\CL.read.1.tlog
C:\Users\evelina\Desktop\lab1(3)\lab1\Debug\CL.write.1.tlog
C:\USERS\EVELINA\DESKTOP\LAB1(3)\LAB1\DEBUG\LAB.EXE
C:\USERS\EVELINA\DESKTOP\LAB1(3)\LAB1\DEBUG\LAB.EXE.INTERMEDIATE.MANIFEST
C:\USERS\EVELINA\DESKTOP\LAB1(3)\LAB1\DEBUG\LAB.ILK
C:\USERS\EVELINA\DESKTOP\LAB1(3)\LAB1\DEBUG\LAB.PDB
C:\Users\evelina\Desktop\lab1(3)\lab1\Debug\link.command.1.tlog
C:\Users\evelina\Desktop\lab1(3)\lab1\Debug\link.read.1.tlog
C:\Users\evelina\Desktop\lab1(3)\lab1\Debug\link.write.1.tlog
C:\USERS\EVELINA\DESKTOP\LAB1(3)\LAB1\DEBUG\MAIN.OBJ
C:\Users\evelina\Desktop\lab1(3)\lab1\Debug\mt.command.1.tlog
C:\Users\evelina\Desktop\lab1(3)\lab1\Debug\mt.read.1.tlog
C:\Users\evelina\Desktop\lab1(3)\lab1\Debug\mt.write.1.tlog
C:\USERS\EVELINA\DESKTOP\LAB1(3)\LAB1\DEBUG\SUPPORT2D.OBJ
C:\USERS\EVELINA\DESKTOP\LAB1(3)\LAB1\DEBUG\TRANSFORM2D.OBJ
C:\Users\evelina\Desktop\lab1(3)\lab1\Debug\vc100.idb
C:\USERS\EVELINA\DESKTOP\LAB1(3)\LAB1\DEBUG\VC100.PDB
C:\USERS\EVELINA\DESKTOP\LAB1(3)\LAB1\DEBUG\WORLDDRAWER2D_GL.OBJ
Debug\lab.ilk
Debug\lab.pdb
